C51 COMPILER V9.01   TIMER                                                                 04/11/2020 17:48:19 PAGE 1   


C51 COMPILER V9.01, COMPILATION OF MODULE TIMER
OBJECT MODULE PLACED IN ..\Output\timer.obj
COMPILER INVOKED BY: C:\Keil\C51\BIN\C51.EXE ..\System\Src\timer.c BROWSE INCDIR(..\Module\Inc;..\System\Inc) DEBUG OBJE
                    -CTEXTEND PRINT(.\timer.lst) TABS(2) OBJECT(..\Output\timer.obj)

line level    source

   1          /*
   2           * @Description: 
   3           * @version: 
   4           * @Author: Adol
   5           * @Date: 2020-04-11 16:40:46
   6           * @LastEditTime: 2020-04-11 17:27:56
   7           */
   8          #include "core.h"
   9          
  10          unsigned char timer0_flag = 0;
  11          unsigned int timer0_count = 0, timing_time = 100;
  12          
  13          void dev_ws_delayus(unsigned int us)
  14          {
  15   1          unsigned int timer_count;
  16   1          for (timer_count = us; timer_count > 0; timer_count--)
  17   1          {
  18   2              _nop_();
  19   2              _nop_();
  20   2          }
  21   1      }
  22          
  23          void timer0_init(void) //中断初始化
  24          {
  25   1          AUXR |= 0x80;       //定时器0为1T模式
  26   1          // AUXR &= 0x7f;       //定时器0为12T模式
  27   1          TMOD = 0x00;        //设置定时器为模式0(16位自动重装载)
  28   1          TL0 = T1MS_1T;         //初始化计时值
  29   1          TH0 = T1MS_1T >> 8;
  30   1          TR0 = 1;            //定时器0开始计时
  31   1          ET0 = 1;            //使能定时器0中断
  32   1          EA = 1;             //开启中断
  33   1      }
  34          
  35          void timer0_IRQ_handle(void) interrupt 1 using 1 //---定时器t0-----
  36          {
  37   1          TF0 = 0;
  38   1          timer0_count++;
  39   1          if (timer0_count == timing_time) //改变该值可以调节变化速度
  40   1          {
  41   2              timer0_count = 0;
  42   2              timer0_flag = 1;
  43   2          }
  44   1      }


MODULE INFORMATION:   STATIC OVERLAYABLE
   CODE SIZE        =     74    ----
   CONSTANT SIZE    =   ----    ----
   XDATA SIZE       =   ----    ----
   PDATA SIZE       =   ----    ----
   DATA SIZE        =      5    ----
   IDATA SIZE       =   ----    ----
   BIT SIZE         =   ----    ----
C51 COMPILER V9.01   TIMER                                                                 04/11/2020 17:48:19 PAGE 2   

END OF MODULE INFORMATION.


C51 COMPILATION COMPLETE.  0 WARNING(S),  0 ERROR(S)
